2022-05-17 08:44:47.225  WARN 21068 --- [HikariPool-1 housekeeper] com.zaxxer.hikari.pool.HikariPool        : HikariPool-1 - Thread starvation or clock leap detected (housekeeper delta=14h38m54s942ms626µs700ns).
2022-05-17 13:56:37.023  INFO 26084 --- [main] c.e.scoresheet.ScoresheetApplication     : Starting ScoresheetApplication using Java 13.0.2 on XPXAAD-PF30CPEZ with PID 26084 (C:\Users\ChelseaCole\OneDrive - Xpanxion\Desktop\scoresheet\target\classes started by ChelseaCole in C:\Users\ChelseaCole\OneDrive - Xpanxion\Desktop\scoresheet)
2022-05-17 13:56:37.027  INFO 26084 --- [main] c.e.scoresheet.ScoresheetApplication     : No active profile set, falling back to 1 default profile: "default"
2022-05-17 13:56:37.811  INFO 26084 --- [main] .s.d.r.c.RepositoryConfigurationDelegate : Bootstrapping Spring Data JPA repositories in DEFAULT mode.
2022-05-17 13:56:37.882  INFO 26084 --- [main] .s.d.r.c.RepositoryConfigurationDelegate : Finished Spring Data repository scanning in 59 ms. Found 1 JPA repository interfaces.
2022-05-17 13:56:38.871  INFO 26084 --- [main] o.s.b.w.embedded.tomcat.TomcatWebServer  : Tomcat initialized with port(s): 8080 (http)
2022-05-17 13:56:38.889  INFO 26084 --- [main] o.apache.catalina.core.StandardService   : Starting service [Tomcat]
2022-05-17 13:56:38.890  INFO 26084 --- [main] org.apache.catalina.core.StandardEngine  : Starting Servlet engine: [Apache Tomcat/9.0.62]
2022-05-17 13:56:39.074  INFO 26084 --- [main] o.a.c.c.C.[Tomcat].[localhost].[/]       : Initializing Spring embedded WebApplicationContext
2022-05-17 13:56:39.075  INFO 26084 --- [main] w.s.c.ServletWebServerApplicationContext : Root WebApplicationContext: initialization completed in 1983 ms
2022-05-17 13:56:39.330  INFO 26084 --- [main] o.hibernate.jpa.internal.util.LogHelper  : HHH000204: Processing PersistenceUnitInfo [name: default]
2022-05-17 13:56:39.416  INFO 26084 --- [main] org.hibernate.Version                    : HHH000412: Hibernate ORM core version 5.6.8.Final
2022-05-17 13:56:39.680  INFO 26084 --- [main] o.hibernate.annotations.common.Version   : HCANN000001: Hibernate Commons Annotations {5.1.2.Final}
2022-05-17 13:56:39.819  INFO 26084 --- [main] com.zaxxer.hikari.HikariDataSource       : HikariPool-1 - Starting...
2022-05-17 13:56:39.826  WARN 26084 --- [main] com.zaxxer.hikari.util.DriverDataSource  : Registered driver with driverClassName=com.mysql.jdbc.Driver was not found, trying direct instantiation.
2022-05-17 13:56:40.239  INFO 26084 --- [main] com.zaxxer.hikari.HikariDataSource       : HikariPool-1 - Start completed.
2022-05-17 13:56:40.261  INFO 26084 --- [main] org.hibernate.dialect.Dialect            : HHH000400: Using dialect: org.hibernate.dialect.MySQL5InnoDBDialect
2022-05-17 13:56:40.969  INFO 26084 --- [main] o.h.e.t.j.p.i.JtaPlatformInitiator       : HHH000490: Using JtaPlatform implementation: [org.hibernate.engine.transaction.jta.platform.internal.NoJtaPlatform]
2022-05-17 13:56:40.977  INFO 26084 --- [main] j.LocalContainerEntityManagerFactoryBean : Initialized JPA EntityManagerFactory for persistence unit 'default'
2022-05-17 13:56:41.253  WARN 26084 --- [main] JpaBaseConfiguration$JpaWebConfiguration : spring.jpa.open-in-view is enabled by default. Therefore, database queries may be performed during view rendering. Explicitly configure spring.jpa.open-in-view to disable this warning
2022-05-17 13:56:41.914  INFO 26084 --- [main] o.s.b.w.embedded.tomcat.TomcatWebServer  : Tomcat started on port(s): 8080 (http) with context path ''
2022-05-17 13:56:41.922  INFO 26084 --- [main] c.e.scoresheet.ScoresheetApplication     : Started ScoresheetApplication in 5.436 seconds (JVM running for 5.901)
2022-05-17 13:56:54.833  INFO 26084 --- [http-nio-8080-exec-1] o.a.c.c.C.[Tomcat].[localhost].[/]       : Initializing Spring DispatcherServlet 'dispatcherServlet'
2022-05-17 13:56:54.834  INFO 26084 --- [http-nio-8080-exec-1] o.s.web.servlet.DispatcherServlet        : Initializing Servlet 'dispatcherServlet'
2022-05-17 13:56:54.835  INFO 26084 --- [http-nio-8080-exec-1] o.s.web.servlet.DispatcherServlet        : Completed initialization in 0 ms
2022-05-17 13:56:54.951  WARN 26084 --- [http-nio-8080-exec-1] .w.s.m.s.DefaultHandlerExceptionResolver : Resolved [org.springframework.http.converter.HttpMessageNotReadableException: JSON parse error: Cannot deserialize value of type `com.example.scoresheet.model.Player` from Array value (token `JsonToken.START_ARRAY`); nested exception is com.fasterxml.jackson.databind.exc.MismatchedInputException: Cannot deserialize value of type `com.example.scoresheet.model.Player` from Array value (token `JsonToken.START_ARRAY`)<EOL> at [Source: (org.springframework.util.StreamUtils$NonClosingInputStream); line: 1, column: 1]]
2022-05-17 14:06:18.210  INFO 24556 --- [main] c.e.scoresheet.ScoresheetApplication     : Starting ScoresheetApplication using Java 13.0.2 on XPXAAD-PF30CPEZ with PID 24556 (C:\Users\ChelseaCole\OneDrive - Xpanxion\Desktop\scoresheet\target\classes started by ChelseaCole in C:\Users\ChelseaCole\OneDrive - Xpanxion\Desktop\scoresheet)
2022-05-17 14:06:18.213  INFO 24556 --- [main] c.e.scoresheet.ScoresheetApplication     : No active profile set, falling back to 1 default profile: "default"
2022-05-17 14:06:18.783  INFO 24556 --- [main] .s.d.r.c.RepositoryConfigurationDelegate : Bootstrapping Spring Data JPA repositories in DEFAULT mode.
2022-05-17 14:06:18.828  INFO 24556 --- [main] .s.d.r.c.RepositoryConfigurationDelegate : Finished Spring Data repository scanning in 37 ms. Found 1 JPA repository interfaces.
2022-05-17 14:06:19.581  INFO 24556 --- [main] o.s.b.w.embedded.tomcat.TomcatWebServer  : Tomcat initialized with port(s): 8080 (http)
2022-05-17 14:06:19.590  INFO 24556 --- [main] o.apache.catalina.core.StandardService   : Starting service [Tomcat]
2022-05-17 14:06:19.591  INFO 24556 --- [main] org.apache.catalina.core.StandardEngine  : Starting Servlet engine: [Apache Tomcat/9.0.62]
2022-05-17 14:06:19.717  INFO 24556 --- [main] o.a.c.c.C.[Tomcat].[localhost].[/]       : Initializing Spring embedded WebApplicationContext
2022-05-17 14:06:19.718  INFO 24556 --- [main] w.s.c.ServletWebServerApplicationContext : Root WebApplicationContext: initialization completed in 1467 ms
2022-05-17 14:06:19.887  INFO 24556 --- [main] o.hibernate.jpa.internal.util.LogHelper  : HHH000204: Processing PersistenceUnitInfo [name: default]
2022-05-17 14:06:19.928  INFO 24556 --- [main] org.hibernate.Version                    : HHH000412: Hibernate ORM core version 5.6.8.Final
2022-05-17 14:06:20.060  INFO 24556 --- [main] o.hibernate.annotations.common.Version   : HCANN000001: Hibernate Commons Annotations {5.1.2.Final}
2022-05-17 14:06:20.146  INFO 24556 --- [main] com.zaxxer.hikari.HikariDataSource       : HikariPool-1 - Starting...
2022-05-17 14:06:20.152  WARN 24556 --- [main] com.zaxxer.hikari.util.DriverDataSource  : Registered driver with driverClassName=com.mysql.jdbc.Driver was not found, trying direct instantiation.
2022-05-17 14:06:20.395  INFO 24556 --- [main] com.zaxxer.hikari.HikariDataSource       : HikariPool-1 - Start completed.
2022-05-17 14:06:20.407  INFO 24556 --- [main] org.hibernate.dialect.Dialect            : HHH000400: Using dialect: org.hibernate.dialect.MySQL5InnoDBDialect
2022-05-17 14:06:20.906  INFO 24556 --- [main] o.h.e.t.j.p.i.JtaPlatformInitiator       : HHH000490: Using JtaPlatform implementation: [org.hibernate.engine.transaction.jta.platform.internal.NoJtaPlatform]
2022-05-17 14:06:20.913  INFO 24556 --- [main] j.LocalContainerEntityManagerFactoryBean : Initialized JPA EntityManagerFactory for persistence unit 'default'
2022-05-17 14:06:21.129  WARN 24556 --- [main] JpaBaseConfiguration$JpaWebConfiguration : spring.jpa.open-in-view is enabled by default. Therefore, database queries may be performed during view rendering. Explicitly configure spring.jpa.open-in-view to disable this warning
2022-05-17 14:06:21.658  INFO 24556 --- [main] o.s.b.w.embedded.tomcat.TomcatWebServer  : Tomcat started on port(s): 8080 (http) with context path ''
2022-05-17 14:06:21.666  INFO 24556 --- [main] c.e.scoresheet.ScoresheetApplication     : Started ScoresheetApplication in 3.819 seconds (JVM running for 4.177)
2022-05-17 14:06:35.241  INFO 24556 --- [http-nio-8080-exec-2] o.a.c.c.C.[Tomcat].[localhost].[/]       : Initializing Spring DispatcherServlet 'dispatcherServlet'
2022-05-17 14:06:35.242  INFO 24556 --- [http-nio-8080-exec-2] o.s.web.servlet.DispatcherServlet        : Initializing Servlet 'dispatcherServlet'
2022-05-17 14:06:35.243  INFO 24556 --- [http-nio-8080-exec-2] o.s.web.servlet.DispatcherServlet        : Completed initialization in 1 ms
2022-05-17 14:06:35.351  WARN 24556 --- [http-nio-8080-exec-2] .w.s.m.s.DefaultHandlerExceptionResolver : Resolved [org.springframework.http.converter.HttpMessageNotReadableException: JSON parse error: Cannot deserialize value of type `com.example.scoresheet.model.Player` from Array value (token `JsonToken.START_ARRAY`); nested exception is com.fasterxml.jackson.databind.exc.MismatchedInputException: Cannot deserialize value of type `com.example.scoresheet.model.Player` from Array value (token `JsonToken.START_ARRAY`)<EOL> at [Source: (org.springframework.util.StreamUtils$NonClosingInputStream); line: 1, column: 1]]
2022-05-17 14:08:15.178  WARN 24556 --- [http-nio-8080-exec-4] .w.s.m.s.DefaultHandlerExceptionResolver : Resolved [org.springframework.http.converter.HttpMessageNotReadableException: JSON parse error: Cannot deserialize value of type `com.example.scoresheet.model.Player` from Array value (token `JsonToken.START_ARRAY`); nested exception is com.fasterxml.jackson.databind.exc.MismatchedInputException: Cannot deserialize value of type `com.example.scoresheet.model.Player` from Array value (token `JsonToken.START_ARRAY`)<EOL> at [Source: (org.springframework.util.StreamUtils$NonClosingInputStream); line: 1, column: 1]]
2022-05-17 14:09:57.411  WARN 24556 --- [http-nio-8080-exec-6] .w.s.m.s.DefaultHandlerExceptionResolver : Resolved [org.springframework.http.converter.HttpMessageNotReadableException: JSON parse error: Cannot deserialize value of type `com.example.scoresheet.model.Player` from Array value (token `JsonToken.START_ARRAY`); nested exception is com.fasterxml.jackson.databind.exc.MismatchedInputException: Cannot deserialize value of type `com.example.scoresheet.model.Player` from Array value (token `JsonToken.START_ARRAY`)<EOL> at [Source: (org.springframework.util.StreamUtils$NonClosingInputStream); line: 1, column: 1]]
2022-05-17 14:11:34.557  WARN 24556 --- [http-nio-8080-exec-7] .w.s.m.s.DefaultHandlerExceptionResolver : Resolved [org.springframework.web.HttpRequestMethodNotSupportedException: Request method 'GET' not supported]
2022-05-17 14:16:06.502  INFO 18428 --- [main] c.e.scoresheet.ScoresheetApplication     : Starting ScoresheetApplication using Java 13.0.2 on XPXAAD-PF30CPEZ with PID 18428 (C:\Users\ChelseaCole\OneDrive - Xpanxion\Desktop\scoresheet\target\classes started by ChelseaCole in C:\Users\ChelseaCole\OneDrive - Xpanxion\Desktop\scoresheet)
2022-05-17 14:16:06.504  INFO 18428 --- [main] c.e.scoresheet.ScoresheetApplication     : No active profile set, falling back to 1 default profile: "default"
2022-05-17 14:16:07.088  INFO 18428 --- [main] .s.d.r.c.RepositoryConfigurationDelegate : Bootstrapping Spring Data JPA repositories in DEFAULT mode.
2022-05-17 14:16:07.133  INFO 18428 --- [main] .s.d.r.c.RepositoryConfigurationDelegate : Finished Spring Data repository scanning in 37 ms. Found 1 JPA repository interfaces.
2022-05-17 14:16:07.887  INFO 18428 --- [main] o.s.b.w.embedded.tomcat.TomcatWebServer  : Tomcat initialized with port(s): 8080 (http)
2022-05-17 14:16:07.901  INFO 18428 --- [main] o.apache.catalina.core.StandardService   : Starting service [Tomcat]
2022-05-17 14:16:07.901  INFO 18428 --- [main] org.apache.catalina.core.StandardEngine  : Starting Servlet engine: [Apache Tomcat/9.0.62]
2022-05-17 14:16:08.031  INFO 18428 --- [main] o.a.c.c.C.[Tomcat].[localhost].[/]       : Initializing Spring embedded WebApplicationContext
2022-05-17 14:16:08.032  INFO 18428 --- [main] w.s.c.ServletWebServerApplicationContext : Root WebApplicationContext: initialization completed in 1487 ms
2022-05-17 14:16:08.211  INFO 18428 --- [main] o.hibernate.jpa.internal.util.LogHelper  : HHH000204: Processing PersistenceUnitInfo [name: default]
2022-05-17 14:16:08.261  INFO 18428 --- [main] org.hibernate.Version                    : HHH000412: Hibernate ORM core version 5.6.8.Final
2022-05-17 14:16:08.410  INFO 18428 --- [main] o.hibernate.annotations.common.Version   : HCANN000001: Hibernate Commons Annotations {5.1.2.Final}
2022-05-17 14:16:08.498  INFO 18428 --- [main] com.zaxxer.hikari.HikariDataSource       : HikariPool-1 - Starting...
2022-05-17 14:16:08.502  WARN 18428 --- [main] com.zaxxer.hikari.util.DriverDataSource  : Registered driver with driverClassName=com.mysql.jdbc.Driver was not found, trying direct instantiation.
2022-05-17 14:16:08.759  INFO 18428 --- [main] com.zaxxer.hikari.HikariDataSource       : HikariPool-1 - Start completed.
2022-05-17 14:16:08.774  INFO 18428 --- [main] org.hibernate.dialect.Dialect            : HHH000400: Using dialect: org.hibernate.dialect.MySQL5InnoDBDialect
2022-05-17 14:16:09.300  INFO 18428 --- [main] o.h.e.t.j.p.i.JtaPlatformInitiator       : HHH000490: Using JtaPlatform implementation: [org.hibernate.engine.transaction.jta.platform.internal.NoJtaPlatform]
2022-05-17 14:16:09.307  INFO 18428 --- [main] j.LocalContainerEntityManagerFactoryBean : Initialized JPA EntityManagerFactory for persistence unit 'default'
2022-05-17 14:16:09.529  WARN 18428 --- [main] JpaBaseConfiguration$JpaWebConfiguration : spring.jpa.open-in-view is enabled by default. Therefore, database queries may be performed during view rendering. Explicitly configure spring.jpa.open-in-view to disable this warning
2022-05-17 14:16:10.064  INFO 18428 --- [main] o.s.b.w.embedded.tomcat.TomcatWebServer  : Tomcat started on port(s): 8080 (http) with context path ''
2022-05-17 14:16:10.073  INFO 18428 --- [main] c.e.scoresheet.ScoresheetApplication     : Started ScoresheetApplication in 3.948 seconds (JVM running for 4.306)
2022-05-17 14:17:18.135  INFO 18428 --- [http-nio-8080-exec-2] o.a.c.c.C.[Tomcat].[localhost].[/]       : Initializing Spring DispatcherServlet 'dispatcherServlet'
2022-05-17 14:17:18.136  INFO 18428 --- [http-nio-8080-exec-2] o.s.web.servlet.DispatcherServlet        : Initializing Servlet 'dispatcherServlet'
2022-05-17 14:17:18.137  INFO 18428 --- [http-nio-8080-exec-2] o.s.web.servlet.DispatcherServlet        : Completed initialization in 0 ms
2022-05-17 14:17:18.247  WARN 18428 --- [http-nio-8080-exec-2] .w.s.m.s.DefaultHandlerExceptionResolver : Resolved [org.springframework.http.converter.HttpMessageNotReadableException: JSON parse error: Cannot deserialize value of type `com.example.scoresheet.model.Player` from Array value (token `JsonToken.START_ARRAY`); nested exception is com.fasterxml.jackson.databind.exc.MismatchedInputException: Cannot deserialize value of type `com.example.scoresheet.model.Player` from Array value (token `JsonToken.START_ARRAY`)<EOL> at [Source: (org.springframework.util.StreamUtils$NonClosingInputStream); line: 1, column: 1]]
